<?xml version="1.0" encoding="UTF-8"?>
<!-- Generated by org.testng.reporters.JUnitReportReporter -->
<testsuite hostname="VISHWA" failures="0" tests="5" name="runner.Testrunner" time="40.822" errors="0" timestamp="2026-02-03T16:38:18 IST" skipped="0">
  <testcase classname="runner.Testrunner" name="runScenario" time="9.347"/>
  <testcase classname="runner.Testrunner" name="runScenario" time="4.632"/>
  <testcase classname="runner.Testrunner" name="runScenario" time="10.720"/>
  <testcase classname="runner.Testrunner" name="runScenario" time="6.019"/>
  <testcase classname="runner.Testrunner" name="runScenario" time="10.104"/>
</testsuite> <!-- runner.Testrunner -->
