<?xml version="1.0" encoding="UTF-8"?>
<!-- Generated by org.testng.reporters.JUnitReportReporter -->
<testsuite hostname="VISHWA" failures="0" tests="5" name="runner.Testrunner" time="40.920" errors="0" timestamp="2026-02-03T15:58:24 IST" skipped="0">
  <testcase classname="runner.Testrunner" name="runScenario" time="4.247"/>
  <testcase classname="runner.Testrunner" name="runScenario" time="6.200"/>
  <testcase classname="runner.Testrunner" name="runScenario" time="10.285"/>
  <testcase classname="runner.Testrunner" name="runScenario" time="11.223"/>
  <testcase classname="runner.Testrunner" name="runScenario" time="8.965"/>
</testsuite> <!-- runner.Testrunner -->
